<?xml version="1.0" encoding="UTF-8"?>
<!-- Generated by org.testng.reporters.JUnitReportReporter -->
<testsuite hostname="DESKTOP-PQ3M7G0" failures="0" tests="1" name="it.com.bd.tests.BookSelectionPageTest" time="55.743" errors="0" timestamp="2023-08-13T03:55:13 BDT" skipped="0">
  <testcase classname="it.com.bd.tests.BookSelectionPageTest" name="BookSelectionPagePageTest" time="55.743"/>
</testsuite> <!-- it.com.bd.tests.BookSelectionPageTest -->
