<?xml version="1.0" encoding="UTF-8"?>
<!-- Generated by org.testng.reporters.JUnitReportReporter -->
<testsuite hostname="NAZ-TECH-PC-047" failures="0" tests="1" name="it.com.bd.tests.LoginPageTest" time="0.514" errors="0" timestamp="2023-08-02T16:38:55 BDT" skipped="0">
  <testcase classname="it.com.bd.tests.LoginPageTest" name="loginTest" time="0.514"/>
</testsuite> <!-- it.com.bd.tests.LoginPageTest -->
