<?xml version="1.0" encoding="UTF-8"?>
<!-- Generated by org.testng.reporters.JUnitReportReporter -->
<testsuite hostname="DESKTOP-PQ3M7G0" failures="0" tests="1" name="it.com.bd.tests.HomePageTest" time="32.186" errors="0" timestamp="2023-08-13T03:55:13 BDT" skipped="0">
  <testcase classname="it.com.bd.tests.HomePageTest" name="homePageTest" time="32.186"/>
</testsuite> <!-- it.com.bd.tests.HomePageTest -->
