<?xml version="1.0" encoding="UTF-8"?>
<!-- Generated by org.testng.reporters.JUnitReportReporter -->
<testsuite hostname="DESKTOP-PQ3M7G0" failures="0" tests="1" name="it.com.bd.tests.CartPageTest" time="18.909" errors="0" timestamp="2023-08-13T03:55:13 BDT" skipped="0">
  <testcase classname="it.com.bd.tests.CartPageTest" name="cartPageTest" time="18.909"/>
</testsuite> <!-- it.com.bd.tests.CartPageTest -->
